info it worked if it ends with ok
verbose cli [ 'node', '/usr/local/bin/npm', 'install', 'node' ]
info using npm@1.1.0-2
info using node@v0.6.15
verbose /usr/local/bin/node node symlink
verbose config file /Users/teddyknox/.npmrc
verbose config file /usr/local/etc/npmrc
verbose config file /usr/local/lib/node_modules/npm/npmrc
verbose caching /Users/teddyknox/Workspace/Javascript/node/PeopleNearby-ChatServer/package.json
verbose loadDefaults peoplenearby.me@0.0.1
verbose caching /Users/teddyknox/Workspace/Javascript/node/PeopleNearby-ChatServer/node_modules/connect/package.json
verbose loadDefaults connect@2.2.1
verbose caching /Users/teddyknox/Workspace/Javascript/node/PeopleNearby-ChatServer/node_modules/express/package.json
verbose loadDefaults express@2.5.8
verbose caching /Users/teddyknox/Workspace/Javascript/node/PeopleNearby-ChatServer/node_modules/mongodb/package.json
verbose loadDefaults mongodb@1.0.0
verbose caching /Users/teddyknox/Workspace/Javascript/node/PeopleNearby-ChatServer/node_modules/socket.io/package.json
verbose loadDefaults socket.io@0.9.6
verbose caching /Users/teddyknox/Workspace/Javascript/node/PeopleNearby-ChatServer/node_modules/jade/package.json
verbose loadDefaults jade@0.25.0
verbose from cache /Users/teddyknox/Workspace/Javascript/node/PeopleNearby-ChatServer/package.json
verbose cache add [ 'node', null ]
silly cache add: name, spec, args [ undefined, 'node', [ 'node', null ] ]
verbose parsed url { pathname: 'node', path: 'node', href: 'node' }
verbose addNamed [ 'node', '' ]
verbose addNamed [ null, '' ]
silly name, range, hasData [ 'node', '', false ]
verbose raw, before any munging node
verbose url resolving [ 'https://registry.npmjs.org/', './node' ]
verbose url resolved https://registry.npmjs.org/node
http GET https://registry.npmjs.org/node
http 404 https://registry.npmjs.org/node
silly get cb [ 404,
silly get cb   { server: 'CouchDB/1.2.0 (Erlang OTP/R15B)',
silly get cb     date: 'Sun, 29 Apr 2012 00:27:27 GMT',
silly get cb     'content-type': 'application/json',
silly get cb     'content-length': '52',
silly get cb     'cache-control': 'must-revalidate' } ]
ERR! 404 'node' is not in the npm registry.
ERR! 404 You should bug the author to publish it
ERR! 404 Note that you can also install from a
ERR! 404 tarball, folder, or http url, or git url.
ERR! 
ERR! System Darwin 11.3.0
ERR! command "node" "/usr/local/bin/npm" "install" "node"
ERR! cwd /Users/teddyknox/Workspace/Javascript/node/PeopleNearby-ChatServer
ERR! node -v v0.6.15
ERR! npm -v 1.1.0-2
ERR! code E404
ERR! message 404 Not Found: node
ERR! errno {}
verbose exit [ 1, true ]
